<?xml version="1.0" encoding="UTF-8"?>
<testng-results skipped="0" failed="1" total="2" passed="1">
  <reporter-output>
  </reporter-output>
  <suite name="Default suite" duration-ms="50923" started-at="2016-04-12T15:22:36Z" finished-at="2016-04-12T15:23:27Z">
    <groups>
    </groups>
    <test name="Default test" duration-ms="50923" started-at="2016-04-12T15:22:36Z" finished-at="2016-04-12T15:23:27Z">
      <class name="com.ecommerce.callingFunctions.CallingFunctions">
        <test-method status="PASS" signature="OpenSite()[pri:0, instance:com.ecommerce.callingFunctions.CallingFunctions@1dfb72a]" name="OpenSite" is-config="true" duration-ms="21552" started-at="2016-04-12T20:52:36Z" finished-at="2016-04-12T20:52:58Z">
          <reporter-output>
          </reporter-output>
        </test-method> <!-- OpenSite -->
        <test-method status="PASS" signature="verifyThatAnItemIsAddedToCart()[pri:0, instance:com.ecommerce.callingFunctions.CallingFunctions@1dfb72a]" name="verifyThatAnItemIsAddedToCart" duration-ms="11480" started-at="2016-04-12T20:52:58Z" finished-at="2016-04-12T20:53:09Z">
          <reporter-output>
          </reporter-output>
        </test-method> <!-- verifyThatAnItemIsAddedToCart -->
        <test-method status="FAIL" signature="purchaseItems()[pri:0, instance:com.ecommerce.callingFunctions.CallingFunctions@1dfb72a]" name="purchaseItems" duration-ms="13689" started-at="2016-04-12T20:53:09Z" depends-on-methods="com.ecommerce.callingFunctions.CallingFunctions.verifyThatAnItemIsAddedToCart" finished-at="2016-04-12T20:53:23Z">
          <exception class="org.openqa.selenium.InvalidSelectorException">
            <message>
              <![CDATA[The given selector wpsc_checkout_table table-1 is either invalid or does not result in a WebElement. The following error occurred:
InvalidSelectorError: Compound class names not permitted
Command duration or timeout: 33 milliseconds
For documentation on this error, please visit: http://seleniumhq.org/exceptions/invalid_selector_exception.html
Build info: version: '2.52.0', revision: '4c2593c', time: '2016-02-11 19:06:42'
System info: host: 'U1-DPE-CPB-0020', ip: '10.10.125.70', os.name: 'Windows 7', os.arch: 'x86', os.version: '6.1', java.version: '1.8.0_65'
Driver info: org.openqa.selenium.firefox.FirefoxDriver
Capabilities [{applicationCacheEnabled=true, rotatable=false, handlesAlerts=true, databaseEnabled=true, version=44.0.2, platform=WINDOWS, nativeEvents=false, acceptSslCerts=true, webStorageEnabled=true, locationContextEnabled=true, browserName=firefox, takesScreenshot=true, javascriptEnabled=true, cssSelectorsEnabled=true}]
Session ID: 3a3c90fd-d22b-47af-a2c1-2cf1b9cecb12
*** Element info: {Using=class name, value=wpsc_checkout_table table-1}]]>
            </message>
            <full-stacktrace>
              <![CDATA[org.openqa.selenium.InvalidSelectorException: The given selector wpsc_checkout_table table-1 is either invalid or does not result in a WebElement. The following error occurred:
InvalidSelectorError: Compound class names not permitted
Command duration or timeout: 33 milliseconds
For documentation on this error, please visit: http://seleniumhq.org/exceptions/invalid_selector_exception.html
Build info: version: '2.52.0', revision: '4c2593c', time: '2016-02-11 19:06:42'
System info: host: 'U1-DPE-CPB-0020', ip: '10.10.125.70', os.name: 'Windows 7', os.arch: 'x86', os.version: '6.1', java.version: '1.8.0_65'
Driver info: org.openqa.selenium.firefox.FirefoxDriver
Capabilities [{applicationCacheEnabled=true, rotatable=false, handlesAlerts=true, databaseEnabled=true, version=44.0.2, platform=WINDOWS, nativeEvents=false, acceptSslCerts=true, webStorageEnabled=true, locationContextEnabled=true, browserName=firefox, takesScreenshot=true, javascriptEnabled=true, cssSelectorsEnabled=true}]
Session ID: 3a3c90fd-d22b-47af-a2c1-2cf1b9cecb12
*** Element info: {Using=class name, value=wpsc_checkout_table table-1}
	at sun.reflect.NativeConstructorAccessorImpl.newInstance0(Native Method)
	at sun.reflect.NativeConstructorAccessorImpl.newInstance(Unknown Source)
	at sun.reflect.DelegatingConstructorAccessorImpl.newInstance(Unknown Source)
	at java.lang.reflect.Constructor.newInstance(Unknown Source)
	at org.openqa.selenium.remote.ErrorHandler.createThrowable(ErrorHandler.java:206)
	at org.openqa.selenium.remote.ErrorHandler.throwIfResponseFailed(ErrorHandler.java:158)
	at org.openqa.selenium.remote.RemoteWebDriver.execute(RemoteWebDriver.java:678)
	at org.openqa.selenium.remote.RemoteWebDriver.findElement(RemoteWebDriver.java:363)
	at org.openqa.selenium.remote.RemoteWebDriver.findElementByClassName(RemoteWebDriver.java:477)
	at org.openqa.selenium.By$ByClassName.findElement(By.java:391)
	at org.openqa.selenium.remote.RemoteWebDriver.findElement(RemoteWebDriver.java:355)
	at com.ecommerce.pages.CheckoutPage.yourBillingDetails(CheckoutPage.java:124)
	at com.ecommerce.pages.CheckoutPage.purchaseItems(CheckoutPage.java:118)
	at com.ecommerce.callingFunctions.CallingFunctions.purchaseItems(CallingFunctions.java:59)
	at sun.reflect.NativeMethodAccessorImpl.invoke0(Native Method)
	at sun.reflect.NativeMethodAccessorImpl.invoke(Unknown Source)
	at sun.reflect.DelegatingMethodAccessorImpl.invoke(Unknown Source)
	at java.lang.reflect.Method.invoke(Unknown Source)
	at org.testng.internal.MethodInvocationHelper.invokeMethod(MethodInvocationHelper.java:85)
	at org.testng.internal.Invoker.invokeMethod(Invoker.java:639)
	at org.testng.internal.Invoker.invokeTestMethod(Invoker.java:816)
	at org.testng.internal.Invoker.invokeTestMethods(Invoker.java:1124)
	at org.testng.internal.TestMethodWorker.invokeTestMethods(TestMethodWorker.java:125)
	at org.testng.internal.TestMethodWorker.run(TestMethodWorker.java:108)
	at org.testng.TestRunner.privateRun(TestRunner.java:774)
	at org.testng.TestRunner.run(TestRunner.java:624)
	at org.testng.SuiteRunner.runTest(SuiteRunner.java:359)
	at org.testng.SuiteRunner.runSequentially(SuiteRunner.java:354)
	at org.testng.SuiteRunner.privateRun(SuiteRunner.java:312)
	at org.testng.SuiteRunner.run(SuiteRunner.java:261)
	at org.testng.SuiteRunnerWorker.runSuite(SuiteRunnerWorker.java:52)
	at org.testng.SuiteRunnerWorker.run(SuiteRunnerWorker.java:86)
	at org.testng.TestNG.runSuitesSequentially(TestNG.java:1215)
	at org.testng.TestNG.runSuitesLocally(TestNG.java:1140)
	at org.testng.TestNG.run(TestNG.java:1048)
	at org.testng.remote.RemoteTestNG.run(RemoteTestNG.java:112)
	at org.testng.remote.RemoteTestNG.initAndRun(RemoteTestNG.java:205)
	at org.testng.remote.RemoteTestNG.main(RemoteTestNG.java:176)
Caused by: org.openqa.selenium.InvalidSelectorException: The given selector wpsc_checkout_table table-1 is either invalid or does not result in a WebElement. The following error occurred:
InvalidSelectorError: Compound class names not permitted
For documentation on this error, please visit: http://seleniumhq.org/exceptions/invalid_selector_exception.html
Build info: version: '2.52.0', revision: '4c2593c', time: '2016-02-11 19:06:42'
System info: host: 'U1-DPE-CPB-0020', ip: '10.10.125.70', os.name: 'Windows 7', os.arch: 'x86', os.version: '6.1', java.version: '1.8.0_65'
Driver info: driver.version: unknown
	at <anonymous class>.FirefoxDriver.annotateInvalidSelectorError_(file:///C:/Users/CHAITA~1/AppData/Local/Temp/anonymous6604173183662681318webdriver-profile/extensions/fxdriver@googlecode.com/components/driver-component.js:10697)
	at <anonymous class>.FirefoxDriver.prototype.findElementInternal_(file:///C:/Users/CHAITA~1/AppData/Local/Temp/anonymous6604173183662681318webdriver-profile/extensions/fxdriver@googlecode.com/components/driver-component.js:10728)
	at <anonymous class>.FirefoxDriver.prototype.findElement(file:///C:/Users/CHAITA~1/AppData/Local/Temp/anonymous6604173183662681318webdriver-profile/extensions/fxdriver@googlecode.com/components/driver-component.js:10732)
	at <anonymous class>.DelayedCommand.prototype.executeInternal_/h(file:///C:/Users/CHAITA~1/AppData/Local/Temp/anonymous6604173183662681318webdriver-profile/extensions/fxdriver@googlecode.com/components/command-processor.js:12614)
	at <anonymous class>.DelayedCommand.prototype.executeInternal_(file:///C:/Users/CHAITA~1/AppData/Local/Temp/anonymous6604173183662681318webdriver-profile/extensions/fxdriver@googlecode.com/components/command-processor.js:12619)
	at <anonymous class>.DelayedCommand.prototype.execute/<(file:///C:/Users/CHAITA~1/AppData/Local/Temp/anonymous6604173183662681318webdriver-profile/extensions/fxdriver@googlecode.com/components/command-processor.js:12561)
]]>
            </full-stacktrace>
          </exception> <!-- org.openqa.selenium.InvalidSelectorException -->
          <reporter-output>
          </reporter-output>
        </test-method> <!-- purchaseItems -->
        <test-method status="PASS" signature="tear()[pri:0, instance:com.ecommerce.callingFunctions.CallingFunctions@1dfb72a]" name="tear" is-config="true" duration-ms="4145" started-at="2016-04-12T20:53:23Z" finished-at="2016-04-12T20:53:27Z">
          <reporter-output>
          </reporter-output>
        </test-method> <!-- tear -->
      </class> <!-- com.ecommerce.callingFunctions.CallingFunctions -->
    </test> <!-- Default test -->
  </suite> <!-- Default suite -->
</testng-results>
